# JRE version: OpenJDK Runtime Environment Temurin-21.0.7+6 (21.0.7+6) (build 21.0.7+6-LTS)
# Java VM: OpenJDK 64-Bit Server VM Temurin-21.0.7+6 (21.0.7+6-LTS, mixed mode, sharing, tiered, compressed oops, compressed class ptrs, parallel gc, windows-amd64)
GC Precious Log:
 CardTable entry size: 512
 CPUs: 12 total, 12 available
 Memory: 16309M
 Large Page Support: Disabled
 NUMA Support: Disabled
 Compressed Oops: Enabled (32-bit)
 Alignments: Space 512K, Generation 512K, Heap 2M
 Heap Min Capacity: 100M
 Heap Initial Capacity: 100M
 Heap Max Capacity: 2G
 Pre-touch: Disabled
 Parallel Workers: 10
Heap:
 PSYoungGen      total 3584K, used 0K [0x00000000d5580000, 0x00000000d5980000, 0x0000000100000000)
  eden space 2560K, 0% used [0x00000000d5580000,0x00000000d5580000,0x00000000d5800000)
  from space 1024K, 0% used [0x00000000d5800000,0x00000000d5800000,0x00000000d5900000)
  to   space 512K, 0% used [0x00000000d5900000,0x00000000d5900000,0x00000000d5980000)
 ParOldGen       total 1398272K, used 1396587K [0x0000000080000000, 0x00000000d5580000, 0x00000000d5580000)
  object space 1398272K, 99% used [0x0000000080000000,0x00000000d53daf08,0x00000000d5580000)
 Metaspace       used 89869K, committed 91712K, reserved 1179648K
  class space    used 9018K, committed 9920K, reserved 1048576K
GC Heap History (20 events):
Event: 182.951 GC heap after
{Heap after GC invocations=2082 (full 4):
 PSYoungGen      total 2048K, used 1521K [0x00000000d5580000, 0x00000000d6180000, 0x0000000100000000)
  eden space 512K, 0% used [0x00000000d5580000,0x00000000d5580000,0x00000000d5600000)
  from space 1536K, 99% used [0x00000000d5a00000,0x00000000d5b7c730,0x00000000d5b80000)
  to   space 4096K, 0% used [0x00000000d5600000,0x00000000d5600000,0x00000000d5a00000)
 ParOldGen       total 1390080K, used 1390030K [0x0000000080000000, 0x00000000d4d80000, 0x00000000d5580000)
  object space 1390080K, 99% used [0x0000000080000000,0x00000000d4d73b28,0x00000000d4d80000)
 Metaspace       used 89869K, committed 91712K, reserved 1179648K
  class space    used 9018K, committed 9920K, reserved 1048576K
}
Event: 182.952 GC heap before
{Heap before GC invocations=2083 (full 4):
 PSYoungGen      total 2048K, used 2033K [0x00000000d5580000, 0x00000000d6180000, 0x0000000100000000)
  eden space 512K, 100% used [0x00000000d5580000,0x00000000d5600000,0x00000000d5600000)
  from space 1536K, 99% used [0x00000000d5a00000,0x00000000d5b7c730,0x00000000d5b80000)
  to   space 4096K, 0% used [0x00000000d5600000,0x00000000d5600000,0x00000000d5a00000)
 ParOldGen       total 1390080K, used 1390030K [0x0000000080000000, 0x00000000d4d80000, 0x00000000d5580000)
  object space 1390080K, 99% used [0x0000000080000000,0x00000000d4d73b28,0x00000000d4d80000)
 Metaspace       used 89869K, committed 91712K, reserved 1179648K
  class space    used 9018K, committed 9920K, reserved 1048576K
}
Event: 182.954 GC heap after
{Heap after GC invocations=2083 (full 4):
 PSYoungGen      total 1536K, used 676K [0x00000000d5580000, 0x00000000d5a80000, 0x0000000100000000)
  eden space 512K, 0% used [0x00000000d5580000,0x00000000d5580000,0x00000000d5600000)
  from space 1024K, 66% used [0x00000000d5600000,0x00000000d56a9000,0x00000000d5700000)
  to   space 2048K, 0% used [0x00000000d5880000,0x00000000d5880000,0x00000000d5a80000)
 ParOldGen       total 1391616K, used 1391512K [0x0000000080000000, 0x00000000d4f00000, 0x00000000d5580000)
  object space 1391616K, 99% used [0x0000000080000000,0x00000000d4ee61e8,0x00000000d4f00000)
 Metaspace       used 89869K, committed 91712K, reserved 1179648K
  class space    used 9018K, committed 9920K, reserved 1048576K
}
Event: 182.954 GC heap before
{Heap before GC invocations=2084 (full 4):
 PSYoungGen      total 1536K, used 1157K [0x00000000d5580000, 0x00000000d5a80000, 0x0000000100000000)
  eden space 512K, 94% used [0x00000000d5580000,0x00000000d55f8520,0x00000000d5600000)
  from space 1024K, 66% used [0x00000000d5600000,0x00000000d56a9000,0x00000000d5700000)
  to   space 2048K, 0% used [0x00000000d5880000,0x00000000d5880000,0x00000000d5a80000)
 ParOldGen       total 1391616K, used 1391512K [0x0000000080000000, 0x00000000d4f00000, 0x00000000d5580000)
  object space 1391616K, 99% used [0x0000000080000000,0x00000000d4ee61e8,0x00000000d4f00000)
 Metaspace       used 89869K, committed 91712K, reserved 1179648K
  class space    used 9018K, committed 9920K, reserved 1048576K
}
Event: 182.956 GC heap after
{Heap after GC invocations=2084 (full 4):
 PSYoungGen      total 2048K, used 540K [0x00000000d5580000, 0x00000000d5980000, 0x0000000100000000)
  eden space 1024K, 0% used [0x00000000d5580000,0x00000000d5580000,0x00000000d5680000)
  from space 1024K, 52% used [0x00000000d5880000,0x00000000d5907260,0x00000000d5980000)
  to   space 1024K, 0% used [0x00000000d5780000,0x00000000d5780000,0x00000000d5880000)
 ParOldGen       total 1392128K, used 1392024K [0x0000000080000000, 0x00000000d4f80000, 0x00000000d5580000)
  object space 1392128K, 99% used [0x0000000080000000,0x00000000d4f662d0,0x00000000d4f80000)
 Metaspace       used 89869K, committed 91712K, reserved 1179648K
  class space    used 9018K, committed 9920K, reserved 1048576K
}
Event: 182.957 GC heap before
{Heap before GC invocations=2085 (full 4):
 PSYoungGen      total 2048K, used 1564K [0x00000000d5580000, 0x00000000d5980000, 0x0000000100000000)
  eden space 1024K, 100% used [0x00000000d5580000,0x00000000d5680000,0x00000000d5680000)
  from space 1024K, 52% used [0x00000000d5880000,0x00000000d5907260,0x00000000d5980000)
  to   space 1024K, 0% used [0x00000000d5780000,0x00000000d5780000,0x00000000d5880000)
 ParOldGen       total 1392128K, used 1392024K [0x0000000080000000, 0x00000000d4f80000, 0x00000000d5580000)
  object space 1392128K, 99% used [0x0000000080000000,0x00000000d4f662d0,0x00000000d4f80000)
 Metaspace       used 89869K, committed 91712K, reserved 1179648K
  class space    used 9018K, committed 9920K, reserved 1048576K
}
Event: 182.959 GC heap after
{Heap after GC invocations=2085 (full 4):
 PSYoungGen      total 2560K, used 975K [0x00000000d5580000, 0x00000000d5a00000, 0x0000000100000000)
  eden space 1536K, 0% used [0x00000000d5580000,0x00000000d5580000,0x00000000d5700000)
  from space 1024K, 95% used [0x00000000d5780000,0x00000000d5873eb8,0x00000000d5880000)
  to   space 1536K, 0% used [0x00000000d5880000,0x00000000d5880000,0x00000000d5a00000)
 ParOldGen       total 1392640K, used 1392386K [0x0000000080000000, 0x00000000d5000000, 0x00000000d5580000)
  object space 1392640K, 99% used [0x0000000080000000,0x00000000d4fc0888,0x00000000d5000000)
 Metaspace       used 89869K, committed 91712K, reserved 1179648K
  class space    used 9018K, committed 9920K, reserved 1048576K
}
Event: 182.961 GC heap before
{Heap before GC invocations=2086 (full 4):
 PSYoungGen      total 2560K, used 2495K [0x00000000d5580000, 0x00000000d5a00000, 0x0000000100000000)
  eden space 1536K, 98% used [0x00000000d5580000,0x00000000d56fbf78,0x00000000d5700000)
  from space 1024K, 95% used [0x00000000d5780000,0x00000000d5873eb8,0x00000000d5880000)
  to   space 1536K, 0% used [0x00000000d5880000,0x00000000d5880000,0x00000000d5a00000)
 ParOldGen       total 1392640K, used 1392386K [0x0000000080000000, 0x00000000d5000000, 0x00000000d5580000)
  object space 1392640K, 99% used [0x0000000080000000,0x00000000d4fc0888,0x00000000d5000000)
 Metaspace       used 89869K, committed 91712K, reserved 1179648K
  class space    used 9018K, committed 9920K, reserved 1048576K
}
Event: 182.963 GC heap after
{Heap after GC invocations=2086 (full 4):
 PSYoungGen      total 3072K, used 1332K [0x00000000d5580000, 0x00000000d5a80000, 0x0000000100000000)
  eden space 1536K, 0% used [0x00000000d5580000,0x00000000d5580000,0x00000000d5700000)
  from space 1536K, 86% used [0x00000000d5880000,0x00000000d59cd2d8,0x00000000d5a00000)
  to   space 1536K, 0% used [0x00000000d5700000,0x00000000d5700000,0x00000000d5880000)
 ParOldGen       total 1393664K, used 1393171K [0x0000000080000000, 0x00000000d5100000, 0x00000000d5580000)
  object space 1393664K, 99% used [0x0000000080000000,0x00000000d5084fa0,0x00000000d5100000)
 Metaspace       used 89869K, committed 91712K, reserved 1179648K
  class space    used 9018K, committed 9920K, reserved 1048576K
}
Event: 182.965 GC heap before
{Heap before GC invocations=2087 (full 4):
 PSYoungGen      total 3072K, used 2868K [0x00000000d5580000, 0x00000000d5a80000, 0x0000000100000000)
  eden space 1536K, 100% used [0x00000000d5580000,0x00000000d5700000,0x00000000d5700000)
  from space 1536K, 86% used [0x00000000d5880000,0x00000000d59cd2d8,0x00000000d5a00000)
  to   space 1536K, 0% used [0x00000000d5700000,0x00000000d5700000,0x00000000d5880000)
 ParOldGen       total 1393664K, used 1393171K [0x0000000080000000, 0x00000000d5100000, 0x00000000d5580000)
  object space 1393664K, 99% used [0x0000000080000000,0x00000000d5084fa0,0x00000000d5100000)
 Metaspace       used 89869K, committed 91712K, reserved 1179648K
  class space    used 9018K, committed 9920K, reserved 1048576K
}
Event: 182.967 GC heap after
{Heap after GC invocations=2087 (full 4):
 PSYoungGen      total 3072K, used 852K [0x00000000d5580000, 0x00000000d5a80000, 0x0000000100000000)
  eden space 1536K, 0% used [0x00000000d5580000,0x00000000d5580000,0x00000000d5700000)
  from space 1536K, 55% used [0x00000000d5700000,0x00000000d57d53c8,0x00000000d5880000)
  to   space 1536K, 0% used [0x00000000d5900000,0x00000000d5900000,0x00000000d5a80000)
 ParOldGen       total 1394688K, used 1394347K [0x0000000080000000, 0x00000000d5200000, 0x00000000d5580000)
  object space 1394688K, 99% used [0x0000000080000000,0x00000000d51aae08,0x00000000d5200000)
 Metaspace       used 89869K, committed 91712K, reserved 1179648K
  class space    used 9018K, committed 9920K, reserved 1048576K
}
Event: 182.970 GC heap before
{Heap before GC invocations=2088 (full 4):
 PSYoungGen      total 3072K, used 2388K [0x00000000d5580000, 0x00000000d5a80000, 0x0000000100000000)
  eden space 1536K, 100% used [0x00000000d5580000,0x00000000d5700000,0x00000000d5700000)
  from space 1536K, 55% used [0x00000000d5700000,0x00000000d57d53c8,0x00000000d5880000)
  to   space 1536K, 0% used [0x00000000d5900000,0x00000000d5900000,0x00000000d5a80000)
 ParOldGen       total 1394688K, used 1394347K [0x0000000080000000, 0x00000000d5200000, 0x00000000d5580000)
  object space 1394688K, 99% used [0x0000000080000000,0x00000000d51aae08,0x00000000d5200000)
 Metaspace       used 89869K, committed 91712K, reserved 1179648K
  class space    used 9018K, committed 9920K, reserved 1048576K
}
Event: 182.971 GC heap after
{Heap after GC invocations=2088 (full 4):
 PSYoungGen      total 3072K, used 764K [0x00000000d5580000, 0x00000000d5a00000, 0x0000000100000000)
  eden space 2048K, 0% used [0x00000000d5580000,0x00000000d5580000,0x00000000d5780000)
  from space 1024K, 74% used [0x00000000d5900000,0x00000000d59bf000,0x00000000d5a00000)
  to   space 1024K, 0% used [0x00000000d5800000,0x00000000d5800000,0x00000000d5900000)
 ParOldGen       total 1395200K, used 1395095K [0x0000000080000000, 0x00000000d5280000, 0x00000000d5580000)
  object space 1395200K, 99% used [0x0000000080000000,0x00000000d5265f10,0x00000000d5280000)
 Metaspace       used 89869K, committed 91712K, reserved 1179648K
  class space    used 9018K, committed 9920K, reserved 1048576K
}
Event: 182.974 GC heap before
{Heap before GC invocations=2089 (full 4):
 PSYoungGen      total 3072K, used 2812K [0x00000000d5580000, 0x00000000d5a00000, 0x0000000100000000)
  eden space 2048K, 100% used [0x00000000d5580000,0x00000000d5780000,0x00000000d5780000)
  from space 1024K, 74% used [0x00000000d5900000,0x00000000d59bf000,0x00000000d5a00000)
  to   space 1024K, 0% used [0x00000000d5800000,0x00000000d5800000,0x00000000d5900000)
 ParOldGen       total 1395200K, used 1395095K [0x0000000080000000, 0x00000000d5280000, 0x00000000d5580000)
  object space 1395200K, 99% used [0x0000000080000000,0x00000000d5265f10,0x00000000d5280000)
 Metaspace       used 89869K, committed 91712K, reserved 1179648K
  class space    used 9018K, committed 9920K, reserved 1048576K
}
Event: 182.976 GC heap after
{Heap after GC invocations=2089 (full 4):
 PSYoungGen      total 3584K, used 672K [0x00000000d5580000, 0x00000000d5a00000, 0x0000000100000000)
  eden space 2560K, 0% used [0x00000000d5580000,0x00000000d5580000,0x00000000d5800000)
  from space 1024K, 65% used [0x00000000d5800000,0x00000000d58a8000,0x00000000d5900000)
  to   space 1024K, 0% used [0x00000000d5900000,0x00000000d5900000,0x00000000d5a00000)
 ParOldGen       total 1396224K, used 1395736K [0x0000000080000000, 0x00000000d5380000, 0x00000000d5580000)
  object space 1396224K, 99% used [0x0000000080000000,0x00000000d53063c8,0x00000000d5380000)
 Metaspace       used 89869K, committed 91712K, reserved 1179648K
  class space    used 9018K, committed 9920K, reserved 1048576K
}
Event: 182.984 GC heap before
{Heap before GC invocations=2090 (full 4):
 PSYoungGen      total 3584K, used 2286K [0x00000000d5580000, 0x00000000d5a00000, 0x0000000100000000)
  eden space 2560K, 63% used [0x00000000d5580000,0x00000000d5713910,0x00000000d5800000)
  from space 1024K, 65% used [0x00000000d5800000,0x00000000d58a8000,0x00000000d5900000)
  to   space 1024K, 0% used [0x00000000d5900000,0x00000000d5900000,0x00000000d5a00000)
 ParOldGen       total 1398272K, used 1395736K [0x0000000080000000, 0x00000000d5580000, 0x00000000d5580000)
  object space 1398272K, 99% used [0x0000000080000000,0x00000000d53063c8,0x00000000d5580000)
 Metaspace       used 89869K, committed 91712K, reserved 1179648K
  class space    used 9018K, committed 9920K, reserved 1048576K
}
Event: 182.985 GC heap after
{Heap after GC invocations=2090 (full 4):
 PSYoungGen      total 3584K, used 528K [0x00000000d5580000, 0x00000000d5a80000, 0x0000000100000000)
  eden space 2560K, 0% used [0x00000000d5580000,0x00000000d5580000,0x00000000d5800000)
  from space 1024K, 51% used [0x00000000d5900000,0x00000000d5984010,0x00000000d5a00000)
  to   space 1024K, 0% used [0x00000000d5800000,0x00000000d5800000,0x00000000d5900000)
 ParOldGen       total 1398272K, used 1396251K [0x0000000080000000, 0x00000000d5580000, 0x00000000d5580000)
  object space 1398272K, 99% used [0x0000000080000000,0x00000000d5386ea8,0x00000000d5580000)
 Metaspace       used 89869K, committed 91712K, reserved 1179648K
  class space    used 9018K, committed 9920K, reserved 1048576K
}
Event: 182.985 GC heap before
{Heap before GC invocations=2091 (full 4):
 PSYoungGen      total 3584K, used 528K [0x00000000d5580000, 0x00000000d5a80000, 0x0000000100000000)
  eden space 2560K, 0% used [0x00000000d5580000,0x00000000d5580000,0x00000000d5800000)
  from space 1024K, 51% used [0x00000000d5900000,0x00000000d5984010,0x00000000d5a00000)
  to   space 1024K, 0% used [0x00000000d5800000,0x00000000d5800000,0x00000000d5900000)
 ParOldGen       total 1398272K, used 1396251K [0x0000000080000000, 0x00000000d5580000, 0x00000000d5580000)
  object space 1398272K, 99% used [0x0000000080000000,0x00000000d5386ea8,0x00000000d5580000)
 Metaspace       used 89869K, committed 91712K, reserved 1179648K
  class space    used 9018K, committed 9920K, reserved 1048576K
}
Event: 182.987 GC heap after
{Heap after GC invocations=2091 (full 4):
 PSYoungGen      total 3584K, used 0K [0x00000000d5580000, 0x00000000d5980000, 0x0000000100000000)
  eden space 2560K, 0% used [0x00000000d5580000,0x00000000d5580000,0x00000000d5800000)
  from space 1024K, 0% used [0x00000000d5800000,0x00000000d5800000,0x00000000d5900000)
  to   space 512K, 0% used [0x00000000d5900000,0x00000000d5900000,0x00000000d5980000)
 ParOldGen       total 1398272K, used 1396587K [0x0000000080000000, 0x00000000d5580000, 0x00000000d5580000)
  object space 1398272K, 99% used [0x0000000080000000,0x00000000d53daf08,0x00000000d5580000)
 Metaspace       used 89869K, committed 91712K, reserved 1179648K
  class space    used 9018K, committed 9920K, reserved 1048576K
}
Event: 182.987 GC heap before
{Heap before GC invocations=2092 (full 5):
 PSYoungGen      total 3584K, used 0K [0x00000000d5580000, 0x00000000d5980000, 0x0000000100000000)
  eden space 2560K, 0% used [0x00000000d5580000,0x00000000d5580000,0x00000000d5800000)
  from space 1024K, 0% used [0x00000000d5800000,0x00000000d5800000,0x00000000d5900000)
  to   space 512K, 0% used [0x00000000d5900000,0x00000000d5900000,0x00000000d5980000)
 ParOldGen       total 1398272K, used 1396587K [0x0000000080000000, 0x00000000d5580000, 0x00000000d5580000)
  object space 1398272K, 99% used [0x0000000080000000,0x00000000d53daf08,0x00000000d5580000)
 Metaspace       used 89869K, committed 91712K, reserved 1179648K
  class space    used 9018K, committed 9920K, reserved 1048576K
}

